<?xml version="1.0" encoding="UTF-8"?>
<!-- Generated by org.testng.reporters.JUnitXMLReporter -->
<testsuite hostname="DESKTOP-RKQETD7" ignored="0" name="Functional" tests="2" failures="2" timestamp="23 Jul 2020 15:25:12 GMT" time="39.581" errors="0">
  <testcase name="SelectProductToCart_test1" time="6.196" classname="testScripts.EcomTest2">
    <failure type="java.lang.NullPointerException">
      <![CDATA[java.lang.NullPointerException
at testScripts.EcomTest2.SelectProductToCart_test1(EcomTest2.java:50)
... Removed 25 stack frames]]>
    </failure>
  </testcase> <!-- SelectProductToCart_test1 -->
  <testcase name="SelectProductToCart_test1" time="7.054" classname="testScripts.EcomTest2">
    <failure type="java.lang.NullPointerException">
      <![CDATA[java.lang.NullPointerException
at testScripts.EcomTest2.SelectProductToCart_test1(EcomTest2.java:50)
... Removed 25 stack frames]]>
    </failure>
  </testcase> <!-- SelectProductToCart_test1 -->
</testsuite> <!-- Functional -->
