<?xml version="1.0" encoding="UTF-8"?>
<testng-results skipped="0" failed="0" ignored="0" total="2" passed="2">
  <reporter-output>
  </reporter-output>
  <suite name="Suite" duration-ms="48487" started-at="2020-07-23T21:24:37Z" finished-at="2020-07-23T21:25:26Z">
    <groups>
    </groups>
    <test name="Functional" duration-ms="48487" started-at="2020-07-23T21:24:37Z" finished-at="2020-07-23T21:25:26Z">
      <class name="testScripts.EcomTest2">
        <test-method status="PASS" signature="beforeSuiteSetup()[pri:0, instance:testScripts.EcomTest2@2a32de6c]" name="beforeSuiteSetup" is-config="true" duration-ms="50" started-at="2020-07-23T21:24:37Z" finished-at="2020-07-23T21:24:37Z">
          <reporter-output>
          </reporter-output>
        </test-method> <!-- beforeSuiteSetup -->
        <test-method status="PASS" signature="beforeTestRun(java.lang.String, int, int, java.lang.String)[pri:0, instance:testScripts.EcomTest2@2a32de6c]" name="beforeTestRun" is-config="true" duration-ms="6675" started-at="2020-07-23T21:24:37Z" finished-at="2020-07-23T21:24:44Z">
          <params>
            <param index="0">
              <value>
                <![CDATA[chrome]]>
              </value>
            </param>
            <param index="1">
              <value>
                <![CDATA[60]]>
              </value>
            </param>
            <param index="2">
              <value>
                <![CDATA[60]]>
              </value>
            </param>
            <param index="3">
              <value>
                <![CDATA[donotspillthesecret!]]>
              </value>
            </param>
          </params>
          <reporter-output>
          </reporter-output>
        </test-method> <!-- beforeTestRun -->
        <test-method status="PASS" signature="BeforeTheTest()[pri:0, instance:testScripts.EcomTest2@2a32de6c]" name="BeforeTheTest" is-config="true" duration-ms="7008" started-at="2020-07-23T21:24:45Z" finished-at="2020-07-23T21:24:52Z">
          <reporter-output>
          </reporter-output>
        </test-method> <!-- BeforeTheTest -->
        <test-method status="PASS" signature="SelectProductToCart_test1(java.util.HashMap)[pri:0, instance:testScripts.EcomTest2@2a32de6c]" name="SelectProductToCart_test1" duration-ms="16016" started-at="2020-07-23T21:24:52Z" data-provider="TD_Ecom" finished-at="2020-07-23T21:25:08Z">
          <params>
            <param index="0">
              <value>
                <![CDATA[{SearchString=Printed Summer Dress}]]>
              </value>
            </param>
          </params>
          <reporter-output>
          </reporter-output>
        </test-method> <!-- SelectProductToCart_test1 -->
        <test-method status="PASS" signature="AfterTheest()[pri:0, instance:testScripts.EcomTest2@2a32de6c]" name="AfterTheest" is-config="true" duration-ms="1" started-at="2020-07-23T21:25:08Z" finished-at="2020-07-23T21:25:08Z">
          <reporter-output>
          </reporter-output>
        </test-method> <!-- AfterTheest -->
        <test-method status="PASS" signature="BeforeTheTest()[pri:0, instance:testScripts.EcomTest2@2a32de6c]" name="BeforeTheTest" is-config="true" duration-ms="2179" started-at="2020-07-23T21:25:08Z" finished-at="2020-07-23T21:25:10Z">
          <reporter-output>
          </reporter-output>
        </test-method> <!-- BeforeTheTest -->
        <test-method status="PASS" signature="SelectProductToCart_test1(java.util.HashMap)[pri:0, instance:testScripts.EcomTest2@2a32de6c]" name="SelectProductToCart_test1" duration-ms="15601" started-at="2020-07-23T21:25:10Z" data-provider="TD_Ecom" finished-at="2020-07-23T21:25:26Z">
          <params>
            <param index="0">
              <value>
                <![CDATA[{SearchString=Printed Chiffon Dress}]]>
              </value>
            </param>
          </params>
          <reporter-output>
          </reporter-output>
        </test-method> <!-- SelectProductToCart_test1 -->
        <test-method status="PASS" signature="AfterTheest()[pri:0, instance:testScripts.EcomTest2@2a32de6c]" name="AfterTheest" is-config="true" duration-ms="0" started-at="2020-07-23T21:25:26Z" finished-at="2020-07-23T21:25:26Z">
          <reporter-output>
          </reporter-output>
        </test-method> <!-- AfterTheest -->
        <test-method status="PASS" signature="AfterTestRun()[pri:0, instance:testScripts.EcomTest2@2a32de6c]" name="AfterTestRun" is-config="true" duration-ms="0" started-at="2020-07-23T21:25:26Z" finished-at="2020-07-23T21:25:26Z">
          <reporter-output>
          </reporter-output>
        </test-method> <!-- AfterTestRun -->
        <test-method status="PASS" signature="AfterSuiteTeardown()[pri:0, instance:testScripts.EcomTest2@2a32de6c]" name="AfterSuiteTeardown" is-config="true" duration-ms="0" started-at="2020-07-23T21:25:26Z" finished-at="2020-07-23T21:25:26Z">
          <reporter-output>
          </reporter-output>
        </test-method> <!-- AfterSuiteTeardown -->
      </class> <!-- testScripts.EcomTest2 -->
    </test> <!-- Functional -->
  </suite> <!-- Suite -->
</testng-results>
