<?xml version="1.0" encoding="UTF-8"?>
<testng-results skipped="0" failed="2" ignored="0" total="2" passed="0">
  <reporter-output>
  </reporter-output>
  <suite name="Suite" duration-ms="39581" started-at="2020-07-23T15:24:32Z" finished-at="2020-07-23T15:25:12Z">
    <groups>
    </groups>
    <test name="Functional" duration-ms="39581" started-at="2020-07-23T15:24:32Z" finished-at="2020-07-23T15:25:12Z">
      <class name="testScripts.EcomTest2">
        <test-method status="PASS" signature="beforeSuiteSetup()[pri:0, instance:testScripts.EcomTest2@75f32542]" name="beforeSuiteSetup" is-config="true" duration-ms="21" started-at="2020-07-23T15:24:32Z" finished-at="2020-07-23T15:24:32Z">
          <reporter-output>
          </reporter-output>
        </test-method> <!-- beforeSuiteSetup -->
        <test-method status="PASS" signature="beforeTestRun(java.lang.String, int, int, java.lang.String)[pri:0, instance:testScripts.EcomTest2@75f32542]" name="beforeTestRun" is-config="true" duration-ms="7164" started-at="2020-07-23T15:24:32Z" finished-at="2020-07-23T15:24:39Z">
          <params>
            <param index="0">
              <value>
                <![CDATA[chrome]]>
              </value>
            </param>
            <param index="1">
              <value>
                <![CDATA[60]]>
              </value>
            </param>
            <param index="2">
              <value>
                <![CDATA[60]]>
              </value>
            </param>
            <param index="3">
              <value>
                <![CDATA[donotspillthesecret!]]>
              </value>
            </param>
          </params>
          <reporter-output>
          </reporter-output>
        </test-method> <!-- beforeTestRun -->
        <test-method status="PASS" signature="BeforeTheTest()[pri:0, instance:testScripts.EcomTest2@75f32542]" name="BeforeTheTest" is-config="true" duration-ms="17747" started-at="2020-07-23T15:24:39Z" depends-on-methods="framework.BaseTest.beforeTestRun" finished-at="2020-07-23T15:24:57Z">
          <reporter-output>
          </reporter-output>
        </test-method> <!-- BeforeTheTest -->
        <test-method status="FAIL" signature="SelectProductToCart_test1(java.util.HashMap)[pri:0, instance:testScripts.EcomTest2@75f32542]" name="SelectProductToCart_test1" duration-ms="6196" started-at="2020-07-23T15:24:59Z" data-provider="TD_Ecom" finished-at="2020-07-23T15:25:05Z">
          <params>
            <param index="0">
              <value>
                <![CDATA[{SearchString=Printed Summer Dress}]]>
              </value>
            </param>
          </params>
          <exception class="java.lang.NullPointerException">
            <full-stacktrace>
              <![CDATA[java.lang.NullPointerException
at testScripts.EcomTest2.SelectProductToCart_test1(EcomTest2.java:50)
at sun.reflect.NativeMethodAccessorImpl.invoke0(Native Method)
at sun.reflect.NativeMethodAccessorImpl.invoke(Unknown Source)
at sun.reflect.DelegatingMethodAccessorImpl.invoke(Unknown Source)
at java.lang.reflect.Method.invoke(Unknown Source)
at org.testng.internal.MethodInvocationHelper.invokeMethod(MethodInvocationHelper.java:124)
at org.testng.internal.Invoker.invokeMethod(Invoker.java:583)
at org.testng.internal.Invoker.invokeTestMethod(Invoker.java:719)
at org.testng.internal.Invoker.invokeTestMethods(Invoker.java:989)
at org.testng.internal.TestMethodWorker.invokeTestMethods(TestMethodWorker.java:125)
at org.testng.internal.TestMethodWorker.run(TestMethodWorker.java:109)
at org.testng.TestRunner.privateRun(TestRunner.java:648)
at org.testng.TestRunner.run(TestRunner.java:505)
at org.testng.SuiteRunner.runTest(SuiteRunner.java:455)
at org.testng.SuiteRunner.runSequentially(SuiteRunner.java:450)
at org.testng.SuiteRunner.privateRun(SuiteRunner.java:415)
at org.testng.SuiteRunner.run(SuiteRunner.java:364)
at org.testng.SuiteRunnerWorker.runSuite(SuiteRunnerWorker.java:52)
at org.testng.SuiteRunnerWorker.run(SuiteRunnerWorker.java:84)
at org.testng.TestNG.runSuitesSequentially(TestNG.java:1208)
at org.testng.TestNG.runSuitesLocally(TestNG.java:1137)
at org.testng.TestNG.runSuites(TestNG.java:1049)
at org.testng.TestNG.run(TestNG.java:1017)
at org.testng.remote.AbstractRemoteTestNG.run(AbstractRemoteTestNG.java:114)
at org.testng.remote.RemoteTestNG.initAndRun(RemoteTestNG.java:251)
at org.testng.remote.RemoteTestNG.main(RemoteTestNG.java:77)
]]>
            </full-stacktrace>
          </exception> <!-- java.lang.NullPointerException -->
          <reporter-output>
          </reporter-output>
        </test-method> <!-- SelectProductToCart_test1 -->
        <test-method status="FAIL" signature="SelectProductToCart_test1(java.util.HashMap)[pri:0, instance:testScripts.EcomTest2@75f32542]" name="SelectProductToCart_test1" duration-ms="7054" started-at="2020-07-23T15:25:05Z" data-provider="TD_Ecom" finished-at="2020-07-23T15:25:12Z">
          <params>
            <param index="0">
              <value>
                <![CDATA[{SearchString=Printed Chiffon Dress}]]>
              </value>
            </param>
          </params>
          <exception class="java.lang.NullPointerException">
            <full-stacktrace>
              <![CDATA[java.lang.NullPointerException
at testScripts.EcomTest2.SelectProductToCart_test1(EcomTest2.java:50)
at sun.reflect.NativeMethodAccessorImpl.invoke0(Native Method)
at sun.reflect.NativeMethodAccessorImpl.invoke(Unknown Source)
at sun.reflect.DelegatingMethodAccessorImpl.invoke(Unknown Source)
at java.lang.reflect.Method.invoke(Unknown Source)
at org.testng.internal.MethodInvocationHelper.invokeMethod(MethodInvocationHelper.java:124)
at org.testng.internal.Invoker.invokeMethod(Invoker.java:583)
at org.testng.internal.Invoker.invokeTestMethod(Invoker.java:719)
at org.testng.internal.Invoker.invokeTestMethods(Invoker.java:989)
at org.testng.internal.TestMethodWorker.invokeTestMethods(TestMethodWorker.java:125)
at org.testng.internal.TestMethodWorker.run(TestMethodWorker.java:109)
at org.testng.TestRunner.privateRun(TestRunner.java:648)
at org.testng.TestRunner.run(TestRunner.java:505)
at org.testng.SuiteRunner.runTest(SuiteRunner.java:455)
at org.testng.SuiteRunner.runSequentially(SuiteRunner.java:450)
at org.testng.SuiteRunner.privateRun(SuiteRunner.java:415)
at org.testng.SuiteRunner.run(SuiteRunner.java:364)
at org.testng.SuiteRunnerWorker.runSuite(SuiteRunnerWorker.java:52)
at org.testng.SuiteRunnerWorker.run(SuiteRunnerWorker.java:84)
at org.testng.TestNG.runSuitesSequentially(TestNG.java:1208)
at org.testng.TestNG.runSuitesLocally(TestNG.java:1137)
at org.testng.TestNG.runSuites(TestNG.java:1049)
at org.testng.TestNG.run(TestNG.java:1017)
at org.testng.remote.AbstractRemoteTestNG.run(AbstractRemoteTestNG.java:114)
at org.testng.remote.RemoteTestNG.initAndRun(RemoteTestNG.java:251)
at org.testng.remote.RemoteTestNG.main(RemoteTestNG.java:77)
]]>
            </full-stacktrace>
          </exception> <!-- java.lang.NullPointerException -->
          <reporter-output>
          </reporter-output>
        </test-method> <!-- SelectProductToCart_test1 -->
        <test-method status="PASS" signature="AfterTheest()[pri:0, instance:testScripts.EcomTest2@75f32542]" name="AfterTheest" is-config="true" duration-ms="3" started-at="2020-07-23T15:25:12Z" finished-at="2020-07-23T15:25:12Z">
          <reporter-output>
          </reporter-output>
        </test-method> <!-- AfterTheest -->
        <test-method status="PASS" signature="AfterTestRun()[pri:0, instance:testScripts.EcomTest2@75f32542]" name="AfterTestRun" is-config="true" duration-ms="0" started-at="2020-07-23T15:25:12Z" depends-on-methods="testScripts.EcomTest2.AfterTheest" finished-at="2020-07-23T15:25:12Z">
          <reporter-output>
          </reporter-output>
        </test-method> <!-- AfterTestRun -->
        <test-method status="PASS" signature="AfterSuiteTeardown()[pri:0, instance:testScripts.EcomTest2@75f32542]" name="AfterSuiteTeardown" is-config="true" duration-ms="2" started-at="2020-07-23T15:25:12Z" finished-at="2020-07-23T15:25:12Z">
          <reporter-output>
          </reporter-output>
        </test-method> <!-- AfterSuiteTeardown -->
      </class> <!-- testScripts.EcomTest2 -->
    </test> <!-- Functional -->
  </suite> <!-- Suite -->
</testng-results>
